<?xml version="1.0" encoding="UTF-8"?>
<!-- Generated by org.testng.reporters.JUnitXMLReporter -->
<testsuite ignored="0" hostname="DESKTOP-7RQM883" failures="1" tests="1" name="chrome suite(failed)(failed)" time="28.134" errors="0" timestamp="2024-08-21T13:46:08 IST">
  <testcase classname="testCases.TC002_LoginTest" name="verify_login" time="18.097">
    <failure type="java.lang.AssertionError" message="Test failed..... expected [true] but found [false]">
      <![CDATA[java.lang.AssertionError: Test failed..... expected [true] but found [false]
at testCases.TC002_LoginTest.verify_login(TC002_LoginTest.java:54)
at java.base/java.util.ArrayList.forEach(ArrayList.java:1597)
... Removed 31 stack frames]]>
    </failure>
  </testcase> <!-- verify_login -->
</testsuite> <!-- chrome suite(failed)(failed) -->
